Token has not been saved to git credential helper. Pass `add_to_git_credential=True` if you want to set the git credential as well.
Token is valid (permission: read).
Your token has been saved to /ephemeral/models/token
Login successful
Loading checkpoint shards:   0%|          | 0/15 [00:00<?, ?it/s]Loading checkpoint shards:   7%|▋         | 1/15 [00:01<00:22,  1.64s/it]Loading checkpoint shards:  13%|█▎        | 2/15 [00:03<00:20,  1.59s/it]Loading checkpoint shards:  20%|██        | 3/15 [00:04<00:19,  1.59s/it]Loading checkpoint shards:  27%|██▋       | 4/15 [00:06<00:17,  1.58s/it]Loading checkpoint shards:  33%|███▎      | 5/15 [00:07<00:15,  1.58s/it]Loading checkpoint shards:  40%|████      | 6/15 [00:09<00:14,  1.57s/it]Loading checkpoint shards:  47%|████▋     | 7/15 [00:11<00:12,  1.57s/it]Loading checkpoint shards:  53%|█████▎    | 8/15 [00:12<00:11,  1.57s/it]Loading checkpoint shards:  60%|██████    | 9/15 [00:14<00:09,  1.57s/it]Loading checkpoint shards:  67%|██████▋   | 10/15 [00:15<00:07,  1.56s/it]Loading checkpoint shards:  73%|███████▎  | 11/15 [00:17<00:06,  1.57s/it]Loading checkpoint shards:  80%|████████  | 12/15 [00:18<00:04,  1.58s/it]Loading checkpoint shards:  87%|████████▋ | 13/15 [00:20<00:03,  1.57s/it]Loading checkpoint shards:  93%|█████████▎| 14/15 [00:21<00:01,  1.56s/it]Loading checkpoint shards: 100%|██████████| 15/15 [00:22<00:00,  1.13s/it]Loading checkpoint shards: 100%|██████████| 15/15 [00:22<00:00,  1.48s/it]
/home/ubuntu/apps/SummarizationEval/.venv/lib/python3.10/site-packages/transformers/generation/configuration_utils.py:492: UserWarning: `do_sample` is set to `False`. However, `temperature` is set to `0.6` -- this flag is only used in sample-based generation modes. You should set `do_sample=True` or unset `temperature`.
  warnings.warn(
/home/ubuntu/apps/SummarizationEval/.venv/lib/python3.10/site-packages/transformers/generation/configuration_utils.py:497: UserWarning: `do_sample` is set to `False`. However, `top_p` is set to `0.9` -- this flag is only used in sample-based generation modes. You should set `do_sample=True` or unset `top_p`.
  warnings.warn(
0: summarizing titles:
	How turtle shells evolved... twice - Judy Cebra Thomas
	Why are fish fish-shaped? - Lauren Sallan
	The surprising reasons animals play dead - Tierney Thys
	Why isn't the world covered in poop? - Eleanor Slade and Paul Manning
1: summarizing titles:
	Why are sloths so slow? - Kenny Coogan
	The evolution of animal genitalia - Menno Schilthuizen
	Meet the tardigrade, the toughest animal on Earth - Thomas Boothby
	Why do we harvest horseshoe crab blood? - Elizabeth Cox
2: summarizing titles:
	The surprising reason birds sing - Partha P. Mitra
	The life cycle of the butterfly - Franziska Bauer
	Cannibalism in the animal kingdom - Bill Schutt
	A simple way to tell insects apart - Anika Hazra
3: summarizing titles:
	Why do animals form swarms? - Maria R. D'Orsogna
	The amazing ways plants defend themselves - Valentin Hammoudi
	The ferocious predatory dinosaurs of Cretaceous Sahara - Nizar Ibrahim
	The three different ways mammals give birth - Kate Slabosky
Generated 16 summaries at 4218.48 tokens/min in 0:04:36 with batch size 4
